生成启动时间为 2017/9/12 20:28:52。
     1>项目“E:\codingWorkplace\dlibLearn\dlibLearn\dlibLearn.vcxproj”在节点 2 上(Build 个目标)。
     1>ClCompile:
         E:\vs2015\VC\bin\x86_amd64\CL.exe /c /Zi /nologo /W3 /WX- /sdl /O2 /Oi /GL /D NDEBUG /D _CONSOLE /D DLIB_JPEG_SUPPORT /D DLIB_PNG_SUPPORT /D DLIB_HAVE_AVX /D _UNICODE /D UNICODE /Gm- /EHsc /MD /GS /Gy /fp:precise /Zc:wchar_t /Zc:forScope /Zc:inline /Fo"x64\Release\\" /Fd"x64\Release\vc140.pdb" /Gd /TP /errorReport:prompt main.cpp
         main.cpp
     1>e:\001company\face\dlib-19.2\dlib\image_transforms/morphological_operations.h : warning C4819: 该文件包含不能在当前代码页(936)中表示的字符。请将该文件保存为 Unicode 格式以防止数据丢失
     1>e:\001company\face\dlib-19.2\dlib\image_processing/shape_predictor.h(153): warning C4018: “<”: 有符号/无符号不匹配
     1>e:\001company\face\dlib-19.2\dlib\image_processing/shape_predictor.h(187): warning C4018: “<”: 有符号/无符号不匹配
     1>main.cpp(229): warning C4838: 从“double”转换到“float”需要收缩转换
     1>main.cpp(230): warning C4838: 从“double”转换到“float”需要收缩转换
     1>main.cpp(507): warning C4018: “<”: 有符号/无符号不匹配
     1>main.cpp(638): warning C4018: “<”: 有符号/无符号不匹配
     1>e:\001company\face\dlib-19.2\dlib\image_processing/shape_predictor.h(344): warning C4838: 从“long”转换到“float”需要收缩转换
         e:\001company\face\dlib-19.2\dlib\image_processing/shape_predictor.h(415): note: 参见对正在编译的函数 模板 实例化“dlib::point dlib::impl::getSrcPos<image_type>(const image_type &,dlib::point,long)”的引用
                 with
                 [
                     image_type=dlib::cv_image<dlib::bgr_pixel>
                 ]
         e:\001company\face\dlib-19.2\dlib\image_processing/shape_predictor.h(495): note: 参见对正在编译的函数 模板 实例化“void dlib::impl::extract_feature_pixel_values<image_type,float>(const image_type &,const dlib::rectangle &,const dlib::matrix<float,0,1,dlib::default_memory_manager,dlib::row_major_layout> &,const dlib::matrix<float,0,1,dlib::default_memory_manager,dlib::row_major_layout> &,const std::vector<unsigned long,std::allocator<_Ty>> &,const std::vector<dlib::vector<float,2>,std::allocator<dlib::vector<float,2>>> &,std::vector<float,std::allocator<float>> &,long)”的引用
                 with
                 [
                     image_type=dlib::cv_image<dlib::bgr_pixel>,
                     _Ty=unsigned long
                 ]
         main.cpp(571): note: 参见对正在编译的函数 模板 实例化“dlib::full_object_detection dlib::shape_predictor::operator ()<dlib::cv_image<dlib::bgr_pixel>>(const image_type &,const dlib::rectangle &) const”的引用
                 with
                 [
                     image_type=dlib::cv_image<dlib::bgr_pixel>
                 ]
       Link:
         E:\vs2015\VC\bin\x86_amd64\link.exe /ERRORREPORT:PROMPT /OUT:"E:\codingWorkplace\dlibLearn\x64\Release\dlibLearn.exe" /INCREMENTAL:NO /NOLOGO /LIBPATH:"E:\001Company\face\dlib-builded\Release" /LIBPATH:E:\codingWorkplace\dlibLearn\x64\Release dlib.lib jpeg.lib png.lib zlib.lib "E:\opencv\opencvbuild\install\x64\vc14\lib\*.lib" opencv_world320d.lib kernel32.lib user32.lib gdi32.lib winspool.lib comdlg32.lib advapi32.lib shell32.lib ole32.lib oleaut32.lib uuid.lib odbc32.lib odbccp32.lib /MANIFEST /MANIFESTUAC:"level='asInvoker' uiAccess='false'" /manifest:embed /Debug /PDB:"E:\codingWorkplace\dlibLearn\x64\Release\dlibLearn.pdb" /SUBSYSTEM:CONSOLE /OPT:REF /OPT:ICF /LTCG:incremental /TLBID:1 /DYNAMICBASE /NXCOMPAT /IMPLIB:"E:\codingWorkplace\dlibLearn\x64\Release\dlibLearn.lib" /MACHINE:X64 /arch:AVX x64\Release\source.obj
         x64\Release\Fitting.obj
         x64\Release\main.obj
         x64\Release\tinyxml2.obj
         x64\Release\trainer.obj
     1>LINK : warning LNK4044: 无法识别的选项“/arch:AVX”；已忽略
         正在生成代码
     1>e:\001company\face\dlib-19.2\dlib\image_transforms\fhog.h(564): warning C4752: 发现 Intel(R) 高级矢量扩展；请考虑使用 /arch:AVX
     1>e:\001company\face\dlib-19.2\dlib\image_transforms\fhog.h(564): warning C4752: 发现 Intel(R) 高级矢量扩展；请考虑使用 /arch:AVX
     1>e:\001company\face\dlib-19.2\dlib\image_transforms\fhog.h(829): warning C4752: 发现 Intel(R) 高级矢量扩展；请考虑使用 /arch:AVX
     1>e:\001company\face\dlib-19.2\dlib\image_transforms\fhog.h(829): warning C4752: 发现 Intel(R) 高级矢量扩展；请考虑使用 /arch:AVX
         989 of 8696 functions (11.4%) were compiled, the rest were copied from previous compilation.
           0 functions were new in current compilation
           62 functions had inline decision re-evaluated but remain unchanged
         已完成代码的生成
         dlibLearn.vcxproj -> E:\codingWorkplace\dlibLearn\x64\Release\dlibLearn.exe
     1>已完成生成项目“E:\codingWorkplace\dlibLearn\dlibLearn\dlibLearn.vcxproj”(Build 个目标)的操作。

已成功生成。

已用时间 00:00:13.64
