e:\codingworkplace\dliblearn\jpeg\x64\release\jpeg.pdb
e:\codingworkplace\dliblearn\jpeg\x64\release\jdcoefct.obj
e:\codingworkplace\dliblearn\jpeg\x64\release\jdatasrc.obj
e:\codingworkplace\dliblearn\jpeg\x64\release\jdatadst.obj
e:\codingworkplace\dliblearn\jpeg\x64\release\jdapistd.obj
e:\codingworkplace\dliblearn\jpeg\x64\release\jdapimin.obj
e:\codingworkplace\dliblearn\jpeg\x64\release\jcsample.obj
e:\codingworkplace\dliblearn\jpeg\x64\release\jcprepct.obj
e:\codingworkplace\dliblearn\jpeg\x64\release\jcphuff.obj
e:\codingworkplace\dliblearn\jpeg\x64\release\jcparam.obj
e:\codingworkplace\dliblearn\jpeg\x64\release\jcomapi.obj
e:\codingworkplace\dliblearn\jpeg\x64\release\jcmaster.obj
e:\codingworkplace\dliblearn\jpeg\x64\release\jcmarker.obj
e:\codingworkplace\dliblearn\jpeg\x64\release\jcmainct.obj
e:\codingworkplace\dliblearn\jpeg\x64\release\jcinit.obj
e:\codingworkplace\dliblearn\jpeg\x64\release\jchuff.obj
e:\codingworkplace\dliblearn\jpeg\x64\release\jcdctmgr.obj
e:\codingworkplace\dliblearn\jpeg\x64\release\jccolor.obj
e:\codingworkplace\dliblearn\jpeg\x64\release\jccoefct.obj
e:\codingworkplace\dliblearn\jpeg\x64\release\jcapistd.obj
e:\codingworkplace\dliblearn\jpeg\x64\release\jcapimin.obj
e:\codingworkplace\dliblearn\jpeg\x64\release\jmemmgr.obj
e:\codingworkplace\dliblearn\jpeg\x64\release\jidctred.obj
e:\codingworkplace\dliblearn\jpeg\x64\release\jidctint.obj
e:\codingworkplace\dliblearn\jpeg\x64\release\jidctfst.obj
e:\codingworkplace\dliblearn\jpeg\x64\release\jidctflt.obj
e:\codingworkplace\dliblearn\jpeg\x64\release\jfdctint.obj
e:\codingworkplace\dliblearn\jpeg\x64\release\jfdctfst.obj
e:\codingworkplace\dliblearn\jpeg\x64\release\jfdctflt.obj
e:\codingworkplace\dliblearn\jpeg\x64\release\jerror.obj
e:\codingworkplace\dliblearn\jpeg\x64\release\jdsample.obj
e:\codingworkplace\dliblearn\jpeg\x64\release\jdpostct.obj
e:\codingworkplace\dliblearn\jpeg\x64\release\jdphuff.obj
e:\codingworkplace\dliblearn\jpeg\x64\release\jdmerge.obj
e:\codingworkplace\dliblearn\jpeg\x64\release\jdmaster.obj
e:\codingworkplace\dliblearn\jpeg\x64\release\jdmarker.obj
e:\codingworkplace\dliblearn\jpeg\x64\release\jdmainct.obj
e:\codingworkplace\dliblearn\jpeg\x64\release\jdinput.obj
e:\codingworkplace\dliblearn\jpeg\x64\release\jdhuff.obj
e:\codingworkplace\dliblearn\jpeg\x64\release\jddctmgr.obj
e:\codingworkplace\dliblearn\jpeg\x64\release\jdcolor.obj
e:\codingworkplace\dliblearn\jpeg\x64\release\jutils.obj
e:\codingworkplace\dliblearn\jpeg\x64\release\jquant2.obj
e:\codingworkplace\dliblearn\jpeg\x64\release\jquant1.obj
e:\codingworkplace\dliblearn\jpeg\x64\release\jmemnobs.obj
e:\codingworkplace\dliblearn\x64\release\jpeg.lib
e:\codingworkplace\dliblearn\jpeg\x64\release\jpeg.tlog\cl.command.1.tlog
e:\codingworkplace\dliblearn\jpeg\x64\release\jpeg.tlog\cl.read.1.tlog
e:\codingworkplace\dliblearn\jpeg\x64\release\jpeg.tlog\cl.write.1.tlog
e:\codingworkplace\dliblearn\jpeg\x64\release\jpeg.tlog\lib-link.read.1.tlog
e:\codingworkplace\dliblearn\jpeg\x64\release\jpeg.tlog\lib-link.write.1.tlog
e:\codingworkplace\dliblearn\jpeg\x64\release\jpeg.tlog\lib.command.1.tlog
