e:\codingworkplace\dliblearn\png\x64\release\png.pdb
e:\codingworkplace\dliblearn\png\x64\release\pngwutil.obj
e:\codingworkplace\dliblearn\png\x64\release\pngwtran.obj
e:\codingworkplace\dliblearn\png\x64\release\pngwrite.obj
e:\codingworkplace\dliblearn\png\x64\release\pngwio.obj
e:\codingworkplace\dliblearn\png\x64\release\pngtrans.obj
e:\codingworkplace\dliblearn\png\x64\release\pngset.obj
e:\codingworkplace\dliblearn\png\x64\release\pngrutil.obj
e:\codingworkplace\dliblearn\png\x64\release\pngrtran.obj
e:\codingworkplace\dliblearn\png\x64\release\pngrio.obj
e:\codingworkplace\dliblearn\png\x64\release\pngread.obj
e:\codingworkplace\dliblearn\png\x64\release\pngpread.obj
e:\codingworkplace\dliblearn\png\x64\release\pngmem.obj
e:\codingworkplace\dliblearn\png\x64\release\pngget.obj
e:\codingworkplace\dliblearn\png\x64\release\pngerror.obj
e:\codingworkplace\dliblearn\png\x64\release\png.obj
e:\codingworkplace\dliblearn\x64\release\png.lib
e:\codingworkplace\dliblearn\png\x64\release\png.tlog\cl.command.1.tlog
e:\codingworkplace\dliblearn\png\x64\release\png.tlog\cl.read.1.tlog
e:\codingworkplace\dliblearn\png\x64\release\png.tlog\cl.write.1.tlog
e:\codingworkplace\dliblearn\png\x64\release\png.tlog\lib-link.read.1.tlog
e:\codingworkplace\dliblearn\png\x64\release\png.tlog\lib-link.write.1.tlog
e:\codingworkplace\dliblearn\png\x64\release\png.tlog\lib.command.1.tlog
